<?xml version="1.0" encoding="UTF-8"?>
<testsuite name="Scenario: Verify invalid login from messenger page" time="0.5" tests="6" errors="0" skipped="0" failures="0">
  <properties>
[...]
</properties>
  <testcase name="Given I am on Messenger Page" classname="Scenario: Verify invalid login from messenger page" time="0.198"/>
  <testcase name="When I enter unalaby@gmail.com into username field on Messenger Page" classname="Scenario: Verify invalid login from messenger page" time="0"/>
  <testcase name="And I enter test123 into password field on Messenger Page" classname="Scenario: Verify invalid login from messenger page" time="0"/>
  <testcase name="And I click on login button on Messenger Page" classname="Scenario: Verify invalid login from messenger page" time="0.004"/>
  <testcase name="Then I verify invalid login message on sign in page" classname="Scenario: Verify invalid login from messenger page" time="0.001"/>
  <testcase name="Scenario: Verify invalid login from messenger page" classname="Scenario: Verify invalid login from messenger page" time="0.297"/>
</testsuite>