<?xml version="1.0" encoding="UTF-8"?>
<testsuite name="Scenario: Verify invalid login from messenger page" time="0.796" tests="24" errors="0" skipped="0" failures="0">
  <properties>
[...]
</properties>
  <testcase name="Given I am on Home Page" classname="| unalaby@gmail.com | test123 |" time="0.124"/>
  <testcase name="When I enter unalaby@gmail.com into username text fields on home screen" classname="| unalaby@gmail.com | test123 |" time="0.001"/>
  <testcase name="And I enter test123 into password text fields on home screen" classname="| unalaby@gmail.com | test123 |" time="0.001"/>
  <testcase name="And I click on login button on home screen" classname="| unalaby@gmail.com | test123 |" time="0.001"/>
  <testcase name="Then I verify the invalid credentials" classname="| unalaby@gmail.com | test123 |" time="0.003"/>
  <testcase name="| unalaby@gmail.com | test123 |" classname="| unalaby@gmail.com | test123 |" time="0.161"/>
  <testcase name="Given I am on Home Page" classname="| ammar@gmail.com | test456 |" time="0"/>
  <testcase name="When I enter ammar@gmail.com into username text fields on home screen" classname="| ammar@gmail.com | test456 |" time="0"/>
  <testcase name="And I enter test456 into password text fields on home screen" classname="| ammar@gmail.com | test456 |" time="0.001"/>
  <testcase name="And I click on login button on home screen" classname="| ammar@gmail.com | test456 |" time="0"/>
  <testcase name="Then I verify the invalid credentials" classname="| ammar@gmail.com | test456 |" time="0.004"/>
  <testcase name="| ammar@gmail.com | test456 |" classname="| ammar@gmail.com | test456 |" time="0.178"/>
  <testcase name="Given I am on Home Page" classname="| unal@gmail.com | 123test |" time="0.002"/>
  <testcase name="When I enter unal@gmail.com into username text fields on home screen" classname="| unal@gmail.com | 123test |" time="0"/>
  <testcase name="And I enter 123test into password text fields on home screen" classname="| unal@gmail.com | 123test |" time="0"/>
  <testcase name="And I click on login button on home screen" classname="| unal@gmail.com | 123test |" time="0.001"/>
  <testcase name="Then I verify the invalid credentials" classname="| unal@gmail.com | 123test |" time="0.004"/>
  <testcase name="| unal@gmail.com | 123test |" classname="| unal@gmail.com | 123test |" time="0.167"/>
  <testcase name="Given I am on Messenger Page" classname="Scenario: Verify invalid login from messenger page" time="0.002"/>
  <testcase name="When I enter unalaby@gmail.com into username field on Messenger Page" classname="Scenario: Verify invalid login from messenger page" time="0"/>
  <testcase name="And I enter test123 into password field on Messenger Page" classname="Scenario: Verify invalid login from messenger page" time="0.003"/>
  <testcase name="And I click on login button on Messenger Page" classname="Scenario: Verify invalid login from messenger page" time="0"/>
  <testcase name="Then I verify invalid login message on sign in page" classname="Scenario: Verify invalid login from messenger page" time="0.001"/>
  <testcase name="Scenario: Verify invalid login from messenger page" classname="Scenario: Verify invalid login from messenger page" time="0.142"/>
</testsuite>